2025-03-06 10:42:09 [restartedMain] INFO  c.a.ProjetAppliLocationVehiculesApplication - Starting ProjetAppliLocationVehiculesApplication using Java 23.0.2 with PID 15740 (C:\Users\guillaume.le.balch\Documents\Projet_Guillaume_Application_Vehicules\Projet-Appli-LocationVehicules\target\classes started by guillaume.le.balch in C:\Users\guillaume.le.balch\Documents\Projet_Guillaume_Application_Vehicules\Projet-Appli-LocationVehicules)
2025-03-06 10:42:09 [restartedMain] DEBUG c.a.ProjetAppliLocationVehiculesApplication - Running with Spring Boot v3.4.2, Spring v6.2.2
2025-03-06 10:42:09 [restartedMain] INFO  c.a.ProjetAppliLocationVehiculesApplication - No active profile set, falling back to 1 default profile: "default"
2025-03-06 10:42:21 [restartedMain] INFO  c.a.ProjetAppliLocationVehiculesApplication - Started ProjetAppliLocationVehiculesApplication in 12.019 seconds (process running for 14.471)
2025-03-06 10:49:56 [http-nio-8080-exec-8] INFO  c.a.controller.ClientController - La liste des clients a bien été recupérée
2025-03-06 10:50:32 [http-nio-8080-exec-9] INFO  c.a.controller.ClientController - Le client a bien été trouvé
2025-03-06 10:52:33 [restartedMain] INFO  c.a.ProjetAppliLocationVehiculesApplication - Starting ProjetAppliLocationVehiculesApplication using Java 23.0.2 with PID 15740 (C:\Users\guillaume.le.balch\Documents\Projet_Guillaume_Application_Vehicules\Projet-Appli-LocationVehicules\target\classes started by guillaume.le.balch in C:\Users\guillaume.le.balch\Documents\Projet_Guillaume_Application_Vehicules\Projet-Appli-LocationVehicules)
2025-03-06 10:52:33 [restartedMain] DEBUG c.a.ProjetAppliLocationVehiculesApplication - Running with Spring Boot v3.4.2, Spring v6.2.2
2025-03-06 10:52:33 [restartedMain] INFO  c.a.ProjetAppliLocationVehiculesApplication - No active profile set, falling back to 1 default profile: "default"
2025-03-06 10:52:37 [restartedMain] INFO  c.a.ProjetAppliLocationVehiculesApplication - Starting ProjetAppliLocationVehiculesApplication using Java 23.0.2 with PID 15740 (C:\Users\guillaume.le.balch\Documents\Projet_Guillaume_Application_Vehicules\Projet-Appli-LocationVehicules\target\classes started by guillaume.le.balch in C:\Users\guillaume.le.balch\Documents\Projet_Guillaume_Application_Vehicules\Projet-Appli-LocationVehicules)
2025-03-06 10:52:37 [restartedMain] DEBUG c.a.ProjetAppliLocationVehiculesApplication - Running with Spring Boot v3.4.2, Spring v6.2.2
2025-03-06 10:52:37 [restartedMain] INFO  c.a.ProjetAppliLocationVehiculesApplication - No active profile set, falling back to 1 default profile: "default"
2025-03-06 10:52:39 [restartedMain] INFO  c.a.ProjetAppliLocationVehiculesApplication - Started ProjetAppliLocationVehiculesApplication in 2.034 seconds (process running for 632.546)
2025-03-06 10:52:55 [restartedMain] INFO  c.a.ProjetAppliLocationVehiculesApplication - Starting ProjetAppliLocationVehiculesApplication using Java 23.0.2 with PID 15740 (C:\Users\guillaume.le.balch\Documents\Projet_Guillaume_Application_Vehicules\Projet-Appli-LocationVehicules\target\classes started by guillaume.le.balch in C:\Users\guillaume.le.balch\Documents\Projet_Guillaume_Application_Vehicules\Projet-Appli-LocationVehicules)
2025-03-06 10:52:55 [restartedMain] DEBUG c.a.ProjetAppliLocationVehiculesApplication - Running with Spring Boot v3.4.2, Spring v6.2.2
2025-03-06 10:52:55 [restartedMain] INFO  c.a.ProjetAppliLocationVehiculesApplication - No active profile set, falling back to 1 default profile: "default"
2025-03-06 10:52:56 [restartedMain] INFO  c.a.ProjetAppliLocationVehiculesApplication - Started ProjetAppliLocationVehiculesApplication in 1.53 seconds (process running for 650.214)
2025-03-06 10:52:58 [restartedMain] INFO  c.a.ProjetAppliLocationVehiculesApplication - Starting ProjetAppliLocationVehiculesApplication using Java 23.0.2 with PID 15740 (C:\Users\guillaume.le.balch\Documents\Projet_Guillaume_Application_Vehicules\Projet-Appli-LocationVehicules\target\classes started by guillaume.le.balch in C:\Users\guillaume.le.balch\Documents\Projet_Guillaume_Application_Vehicules\Projet-Appli-LocationVehicules)
2025-03-06 10:52:58 [restartedMain] DEBUG c.a.ProjetAppliLocationVehiculesApplication - Running with Spring Boot v3.4.2, Spring v6.2.2
2025-03-06 10:52:58 [restartedMain] INFO  c.a.ProjetAppliLocationVehiculesApplication - No active profile set, falling back to 1 default profile: "default"
2025-03-06 10:52:59 [restartedMain] INFO  c.a.ProjetAppliLocationVehiculesApplication - Started ProjetAppliLocationVehiculesApplication in 1.184 seconds (process running for 652.934)
2025-03-06 10:57:25 [http-nio-8080-exec-6] INFO  c.a.controller.ClientController - La liste des clients a bien été recupérée
2025-03-06 10:58:37 [http-nio-8080-exec-8] INFO  c.a.controller.ClientController - Le client a bien été trouvé
2025-03-06 11:04:51 [restartedMain] INFO  c.a.ProjetAppliLocationVehiculesApplication - Starting ProjetAppliLocationVehiculesApplication using Java 23.0.2 with PID 15740 (C:\Users\guillaume.le.balch\Documents\Projet_Guillaume_Application_Vehicules\Projet-Appli-LocationVehicules\target\classes started by guillaume.le.balch in C:\Users\guillaume.le.balch\Documents\Projet_Guillaume_Application_Vehicules\Projet-Appli-LocationVehicules)
2025-03-06 11:04:51 [restartedMain] DEBUG c.a.ProjetAppliLocationVehiculesApplication - Running with Spring Boot v3.4.2, Spring v6.2.2
2025-03-06 11:04:51 [restartedMain] INFO  c.a.ProjetAppliLocationVehiculesApplication - No active profile set, falling back to 1 default profile: "default"
2025-03-06 11:04:55 [restartedMain] INFO  c.a.ProjetAppliLocationVehiculesApplication - Starting ProjetAppliLocationVehiculesApplication using Java 23.0.2 with PID 15740 (C:\Users\guillaume.le.balch\Documents\Projet_Guillaume_Application_Vehicules\Projet-Appli-LocationVehicules\target\classes started by guillaume.le.balch in C:\Users\guillaume.le.balch\Documents\Projet_Guillaume_Application_Vehicules\Projet-Appli-LocationVehicules)
2025-03-06 11:04:55 [restartedMain] DEBUG c.a.ProjetAppliLocationVehiculesApplication - Running with Spring Boot v3.4.2, Spring v6.2.2
2025-03-06 11:04:55 [restartedMain] INFO  c.a.ProjetAppliLocationVehiculesApplication - No active profile set, falling back to 1 default profile: "default"
2025-03-06 11:04:56 [restartedMain] INFO  c.a.ProjetAppliLocationVehiculesApplication - Started ProjetAppliLocationVehiculesApplication in 1.301 seconds (process running for 1369.787)
2025-03-06 11:05:54 [http-nio-8080-exec-1] INFO  c.a.controller.ClientController - La liste des clients a bien été recupérée
2025-03-06 11:07:15 [http-nio-8080-exec-7] INFO  c.a.controller.ClientController - Le client a bien été trouvé
2025-03-06 11:13:26 [restartedMain] INFO  c.a.ProjetAppliLocationVehiculesApplication - Starting ProjetAppliLocationVehiculesApplication using Java 23.0.2 with PID 15740 (C:\Users\guillaume.le.balch\Documents\Projet_Guillaume_Application_Vehicules\Projet-Appli-LocationVehicules\target\classes started by guillaume.le.balch in C:\Users\guillaume.le.balch\Documents\Projet_Guillaume_Application_Vehicules\Projet-Appli-LocationVehicules)
2025-03-06 11:13:26 [restartedMain] DEBUG c.a.ProjetAppliLocationVehiculesApplication - Running with Spring Boot v3.4.2, Spring v6.2.2
2025-03-06 11:13:26 [restartedMain] INFO  c.a.ProjetAppliLocationVehiculesApplication - No active profile set, falling back to 1 default profile: "default"
2025-03-06 11:13:29 [restartedMain] INFO  c.a.ProjetAppliLocationVehiculesApplication - Starting ProjetAppliLocationVehiculesApplication using Java 23.0.2 with PID 15740 (C:\Users\guillaume.le.balch\Documents\Projet_Guillaume_Application_Vehicules\Projet-Appli-LocationVehicules\target\classes started by guillaume.le.balch in C:\Users\guillaume.le.balch\Documents\Projet_Guillaume_Application_Vehicules\Projet-Appli-LocationVehicules)
2025-03-06 11:13:29 [restartedMain] DEBUG c.a.ProjetAppliLocationVehiculesApplication - Running with Spring Boot v3.4.2, Spring v6.2.2
2025-03-06 11:13:29 [restartedMain] INFO  c.a.ProjetAppliLocationVehiculesApplication - No active profile set, falling back to 1 default profile: "default"
2025-03-06 11:13:31 [restartedMain] INFO  c.a.ProjetAppliLocationVehiculesApplication - Starting ProjetAppliLocationVehiculesApplication using Java 23.0.2 with PID 15740 (C:\Users\guillaume.le.balch\Documents\Projet_Guillaume_Application_Vehicules\Projet-Appli-LocationVehicules\target\classes started by guillaume.le.balch in C:\Users\guillaume.le.balch\Documents\Projet_Guillaume_Application_Vehicules\Projet-Appli-LocationVehicules)
2025-03-06 11:13:31 [restartedMain] DEBUG c.a.ProjetAppliLocationVehiculesApplication - Running with Spring Boot v3.4.2, Spring v6.2.2
2025-03-06 11:13:31 [restartedMain] INFO  c.a.ProjetAppliLocationVehiculesApplication - No active profile set, falling back to 1 default profile: "default"
2025-03-06 11:13:32 [restartedMain] INFO  c.a.ProjetAppliLocationVehiculesApplication - Started ProjetAppliLocationVehiculesApplication in 1.106 seconds (process running for 1886.145)
2025-03-06 11:13:46 [http-nio-8080-exec-5] INFO  c.a.controller.ClientController - La liste des clients a bien été recupérée
2025-03-06 11:14:25 [http-nio-8080-exec-7] INFO  c.a.controller.ClientController - Le client a bien été trouvé
2025-03-06 11:14:59 [http-nio-8080-exec-9] INFO  c.a.controller.ClientController - Le client a bien été supprimé
2025-03-06 11:15:05 [http-nio-8080-exec-10] INFO  c.a.controller.ClientController - La liste des clients a bien été recupérée
2025-03-06 11:16:46 [restartedMain] INFO  c.a.ProjetAppliLocationVehiculesApplication - Starting ProjetAppliLocationVehiculesApplication using Java 23.0.2 with PID 15740 (C:\Users\guillaume.le.balch\Documents\Projet_Guillaume_Application_Vehicules\Projet-Appli-LocationVehicules\target\classes started by guillaume.le.balch in C:\Users\guillaume.le.balch\Documents\Projet_Guillaume_Application_Vehicules\Projet-Appli-LocationVehicules)
2025-03-06 11:16:46 [restartedMain] DEBUG c.a.ProjetAppliLocationVehiculesApplication - Running with Spring Boot v3.4.2, Spring v6.2.2
2025-03-06 11:16:46 [restartedMain] INFO  c.a.ProjetAppliLocationVehiculesApplication - No active profile set, falling back to 1 default profile: "default"
2025-03-06 11:16:49 [restartedMain] INFO  c.a.ProjetAppliLocationVehiculesApplication - Starting ProjetAppliLocationVehiculesApplication using Java 23.0.2 with PID 15740 (C:\Users\guillaume.le.balch\Documents\Projet_Guillaume_Application_Vehicules\Projet-Appli-LocationVehicules\target\classes started by guillaume.le.balch in C:\Users\guillaume.le.balch\Documents\Projet_Guillaume_Application_Vehicules\Projet-Appli-LocationVehicules)
2025-03-06 11:16:49 [restartedMain] DEBUG c.a.ProjetAppliLocationVehiculesApplication - Running with Spring Boot v3.4.2, Spring v6.2.2
2025-03-06 11:16:49 [restartedMain] INFO  c.a.ProjetAppliLocationVehiculesApplication - No active profile set, falling back to 1 default profile: "default"
2025-03-06 11:16:50 [restartedMain] INFO  c.a.ProjetAppliLocationVehiculesApplication - Started ProjetAppliLocationVehiculesApplication in 1.18 seconds (process running for 2084.135)
2025-03-06 11:17:05 [http-nio-8080-exec-6] INFO  c.a.controller.ClientController - La liste des clients a bien été recupérée
2025-03-06 11:18:42 [http-nio-8080-exec-8] INFO  c.a.controller.ClientController - Le client a bien été trouvé
2025-03-06 11:20:04 [http-nio-8080-exec-10] ERROR c.a.controller.ClientController - Erreur lors de l'ajout du client
2025-03-06 11:22:40 [http-nio-8080-exec-1] ERROR c.a.controller.ClientController - Erreur lors de l'ajout du client
2025-03-06 11:22:59 [http-nio-8080-exec-3] ERROR c.a.controller.ClientController - Erreur lors de l'ajout du client
2025-03-06 11:23:13 [http-nio-8080-exec-4] INFO  c.a.controller.ClientController - Le client a bien été ajouté
2025-03-06 11:23:24 [http-nio-8080-exec-5] INFO  c.a.controller.ClientController - La liste des clients a bien été recupérée
2025-03-06 12:26:26 [restartedMain] INFO  c.a.ProjetAppliLocationVehiculesApplication - Starting ProjetAppliLocationVehiculesApplication using Java 23.0.2 with PID 15740 (C:\Users\guillaume.le.balch\Documents\Projet_Guillaume_Application_Vehicules\Projet-Appli-LocationVehicules\target\classes started by guillaume.le.balch in C:\Users\guillaume.le.balch\Documents\Projet_Guillaume_Application_Vehicules\Projet-Appli-LocationVehicules)
2025-03-06 12:26:26 [restartedMain] DEBUG c.a.ProjetAppliLocationVehiculesApplication - Running with Spring Boot v3.4.2, Spring v6.2.2
2025-03-06 12:26:26 [restartedMain] INFO  c.a.ProjetAppliLocationVehiculesApplication - No active profile set, falling back to 1 default profile: "default"
2025-03-06 12:26:29 [restartedMain] INFO  c.a.ProjetAppliLocationVehiculesApplication - Started ProjetAppliLocationVehiculesApplication in 2.891 seconds (process running for 6262.489)
2025-03-06 12:26:36 [restartedMain] INFO  c.a.ProjetAppliLocationVehiculesApplication - Starting ProjetAppliLocationVehiculesApplication using Java 23.0.2 with PID 15740 (C:\Users\guillaume.le.balch\Documents\Projet_Guillaume_Application_Vehicules\Projet-Appli-LocationVehicules\target\classes started by guillaume.le.balch in C:\Users\guillaume.le.balch\Documents\Projet_Guillaume_Application_Vehicules\Projet-Appli-LocationVehicules)
2025-03-06 12:26:36 [restartedMain] DEBUG c.a.ProjetAppliLocationVehiculesApplication - Running with Spring Boot v3.4.2, Spring v6.2.2
2025-03-06 12:26:36 [restartedMain] INFO  c.a.ProjetAppliLocationVehiculesApplication - No active profile set, falling back to 1 default profile: "default"
2025-03-06 12:26:37 [restartedMain] INFO  c.a.ProjetAppliLocationVehiculesApplication - Started ProjetAppliLocationVehiculesApplication in 1.289 seconds (process running for 6270.768)
2025-03-06 12:33:52 [restartedMain] INFO  c.a.ProjetAppliLocationVehiculesApplication - Starting ProjetAppliLocationVehiculesApplication using Java 23.0.2 with PID 15740 (C:\Users\guillaume.le.balch\Documents\Projet_Guillaume_Application_Vehicules\Projet-Appli-LocationVehicules\target\classes started by guillaume.le.balch in C:\Users\guillaume.le.balch\Documents\Projet_Guillaume_Application_Vehicules\Projet-Appli-LocationVehicules)
2025-03-06 12:33:52 [restartedMain] DEBUG c.a.ProjetAppliLocationVehiculesApplication - Running with Spring Boot v3.4.2, Spring v6.2.2
2025-03-06 12:33:52 [restartedMain] INFO  c.a.ProjetAppliLocationVehiculesApplication - No active profile set, falling back to 1 default profile: "default"
2025-03-06 12:33:54 [restartedMain] INFO  c.a.ProjetAppliLocationVehiculesApplication - Started ProjetAppliLocationVehiculesApplication in 1.501 seconds (process running for 6707.633)
2025-03-06 12:33:55 [restartedMain] INFO  c.a.ProjetAppliLocationVehiculesApplication - Starting ProjetAppliLocationVehiculesApplication using Java 23.0.2 with PID 15740 (C:\Users\guillaume.le.balch\Documents\Projet_Guillaume_Application_Vehicules\Projet-Appli-LocationVehicules\target\classes started by guillaume.le.balch in C:\Users\guillaume.le.balch\Documents\Projet_Guillaume_Application_Vehicules\Projet-Appli-LocationVehicules)
2025-03-06 12:33:55 [restartedMain] DEBUG c.a.ProjetAppliLocationVehiculesApplication - Running with Spring Boot v3.4.2, Spring v6.2.2
2025-03-06 12:33:55 [restartedMain] INFO  c.a.ProjetAppliLocationVehiculesApplication - No active profile set, falling back to 1 default profile: "default"
2025-03-06 12:33:56 [restartedMain] INFO  c.a.ProjetAppliLocationVehiculesApplication - Started ProjetAppliLocationVehiculesApplication in 1.055 seconds (process running for 6710.18)
2025-03-06 12:45:38 [restartedMain] INFO  c.a.ProjetAppliLocationVehiculesApplication - Starting ProjetAppliLocationVehiculesApplication using Java 23.0.2 with PID 15740 (C:\Users\guillaume.le.balch\Documents\Projet_Guillaume_Application_Vehicules\Projet-Appli-LocationVehicules\target\classes started by guillaume.le.balch in C:\Users\guillaume.le.balch\Documents\Projet_Guillaume_Application_Vehicules\Projet-Appli-LocationVehicules)
2025-03-06 12:45:38 [restartedMain] DEBUG c.a.ProjetAppliLocationVehiculesApplication - Running with Spring Boot v3.4.2, Spring v6.2.2
2025-03-06 12:45:38 [restartedMain] INFO  c.a.ProjetAppliLocationVehiculesApplication - No active profile set, falling back to 1 default profile: "default"
2025-03-06 12:45:39 [restartedMain] INFO  c.a.ProjetAppliLocationVehiculesApplication - Started ProjetAppliLocationVehiculesApplication in 1.839 seconds (process running for 7413.213)
2025-03-06 12:45:48 [restartedMain] INFO  c.a.ProjetAppliLocationVehiculesApplication - Starting ProjetAppliLocationVehiculesApplication using Java 23.0.2 with PID 15740 (C:\Users\guillaume.le.balch\Documents\Projet_Guillaume_Application_Vehicules\Projet-Appli-LocationVehicules\target\classes started by guillaume.le.balch in C:\Users\guillaume.le.balch\Documents\Projet_Guillaume_Application_Vehicules\Projet-Appli-LocationVehicules)
2025-03-06 12:45:48 [restartedMain] DEBUG c.a.ProjetAppliLocationVehiculesApplication - Running with Spring Boot v3.4.2, Spring v6.2.2
2025-03-06 12:45:48 [restartedMain] INFO  c.a.ProjetAppliLocationVehiculesApplication - No active profile set, falling back to 1 default profile: "default"
2025-03-06 12:45:49 [restartedMain] INFO  c.a.ProjetAppliLocationVehiculesApplication - Started ProjetAppliLocationVehiculesApplication in 0.829 seconds (process running for 7422.685)
2025-03-06 12:54:56 [http-nio-8080-exec-5] INFO  c.a.controller.VoitureController - La liste des voitures a bien été recupérée
2025-03-06 12:55:29 [http-nio-8080-exec-6] INFO  c.a.controller.VoitureController - La voiture a bien été ajoutée
2025-03-06 12:55:58 [http-nio-8080-exec-7] INFO  c.a.controller.VoitureController - La voiture a bien été ajoutée
2025-03-06 12:59:18 [restartedMain] INFO  c.a.ProjetAppliLocationVehiculesApplication - Starting ProjetAppliLocationVehiculesApplication using Java 23.0.2 with PID 15740 (C:\Users\guillaume.le.balch\Documents\Projet_Guillaume_Application_Vehicules\Projet-Appli-LocationVehicules\target\classes started by guillaume.le.balch in C:\Users\guillaume.le.balch\Documents\Projet_Guillaume_Application_Vehicules\Projet-Appli-LocationVehicules)
2025-03-06 12:59:18 [restartedMain] DEBUG c.a.ProjetAppliLocationVehiculesApplication - Running with Spring Boot v3.4.2, Spring v6.2.2
2025-03-06 12:59:18 [restartedMain] INFO  c.a.ProjetAppliLocationVehiculesApplication - No active profile set, falling back to 1 default profile: "default"
2025-03-06 12:59:19 [restartedMain] INFO  c.a.ProjetAppliLocationVehiculesApplication - Started ProjetAppliLocationVehiculesApplication in 1.266 seconds (process running for 8233.043)
2025-03-06 12:59:29 [restartedMain] INFO  c.a.ProjetAppliLocationVehiculesApplication - Starting ProjetAppliLocationVehiculesApplication using Java 23.0.2 with PID 15740 (C:\Users\guillaume.le.balch\Documents\Projet_Guillaume_Application_Vehicules\Projet-Appli-LocationVehicules\target\classes started by guillaume.le.balch in C:\Users\guillaume.le.balch\Documents\Projet_Guillaume_Application_Vehicules\Projet-Appli-LocationVehicules)
2025-03-06 12:59:29 [restartedMain] DEBUG c.a.ProjetAppliLocationVehiculesApplication - Running with Spring Boot v3.4.2, Spring v6.2.2
2025-03-06 12:59:29 [restartedMain] INFO  c.a.ProjetAppliLocationVehiculesApplication - No active profile set, falling back to 1 default profile: "default"
2025-03-06 12:59:30 [restartedMain] INFO  c.a.ProjetAppliLocationVehiculesApplication - Started ProjetAppliLocationVehiculesApplication in 1.028 seconds (process running for 8243.754)
2025-03-06 14:21:14 [restartedMain] INFO  c.a.ProjetAppliLocationVehiculesApplication - Starting ProjetAppliLocationVehiculesApplication using Java 23.0.2 with PID 15740 (C:\Users\guillaume.le.balch\Documents\Projet_Guillaume_Application_Vehicules\Projet-Appli-LocationVehicules\target\classes started by guillaume.le.balch in C:\Users\guillaume.le.balch\Documents\Projet_Guillaume_Application_Vehicules\Projet-Appli-LocationVehicules)
2025-03-06 14:21:14 [restartedMain] DEBUG c.a.ProjetAppliLocationVehiculesApplication - Running with Spring Boot v3.4.2, Spring v6.2.2
2025-03-06 14:21:14 [restartedMain] INFO  c.a.ProjetAppliLocationVehiculesApplication - No active profile set, falling back to 1 default profile: "default"
2025-03-06 14:21:17 [restartedMain] INFO  c.a.ProjetAppliLocationVehiculesApplication - Started ProjetAppliLocationVehiculesApplication in 3.717 seconds (process running for 13151.193)
2025-03-06 14:21:25 [restartedMain] INFO  c.a.ProjetAppliLocationVehiculesApplication - Starting ProjetAppliLocationVehiculesApplication using Java 23.0.2 with PID 15740 (C:\Users\guillaume.le.balch\Documents\Projet_Guillaume_Application_Vehicules\Projet-Appli-LocationVehicules\target\classes started by guillaume.le.balch in C:\Users\guillaume.le.balch\Documents\Projet_Guillaume_Application_Vehicules\Projet-Appli-LocationVehicules)
2025-03-06 14:21:25 [restartedMain] DEBUG c.a.ProjetAppliLocationVehiculesApplication - Running with Spring Boot v3.4.2, Spring v6.2.2
2025-03-06 14:21:25 [restartedMain] INFO  c.a.ProjetAppliLocationVehiculesApplication - No active profile set, falling back to 1 default profile: "default"
2025-03-06 14:21:27 [restartedMain] INFO  c.a.ProjetAppliLocationVehiculesApplication - Started ProjetAppliLocationVehiculesApplication in 1.839 seconds (process running for 13160.669)
2025-03-06 14:21:47 [http-nio-8080-exec-5] INFO  c.a.controller.ClientController - La liste des clients a bien été recupérée
2025-03-06 14:22:44 [http-nio-8080-exec-7] INFO  c.a.controller.ClientController - Le client a bien été supprimé
2025-03-06 14:22:51 [http-nio-8080-exec-8] INFO  c.a.controller.ClientController - La liste des clients a bien été recupérée
2025-03-06 14:25:26 [http-nio-8080-exec-1] INFO  c.a.controller.ClientController - La liste des clients a bien été recupérée
2025-03-06 14:25:36 [http-nio-8080-exec-2] INFO  c.a.controller.ClientController - Le client a bien été trouvé
2025-03-06 14:32:58 [restartedMain] INFO  c.a.ProjetAppliLocationVehiculesApplication - Starting ProjetAppliLocationVehiculesApplication using Java 23.0.2 with PID 6348 (C:\Users\guillaume.le.balch\Documents\Projet_Guillaume_Application_Vehicules\Projet-Appli-LocationVehicules\target\classes started by guillaume.le.balch in C:\Users\guillaume.le.balch\Documents\Projet_Guillaume_Application_Vehicules\Projet-Appli-LocationVehicules)
2025-03-06 14:32:58 [restartedMain] DEBUG c.a.ProjetAppliLocationVehiculesApplication - Running with Spring Boot v3.4.2, Spring v6.2.2
2025-03-06 14:32:58 [restartedMain] INFO  c.a.ProjetAppliLocationVehiculesApplication - No active profile set, falling back to 1 default profile: "default"
2025-03-06 14:33:05 [restartedMain] INFO  c.a.ProjetAppliLocationVehiculesApplication - Started ProjetAppliLocationVehiculesApplication in 6.735 seconds (process running for 7.704)
2025-03-06 14:33:39 [http-nio-8080-exec-6] INFO  c.a.c.AdministrateurController - La liste des administrateurs a bien été recupérée
2025-03-06 14:34:11 [http-nio-8080-exec-2] INFO  c.a.c.AdministrateurController - La liste des administrateurs a bien été recupérée
2025-03-06 14:35:29 [http-nio-8080-exec-3] INFO  c.a.c.AdministrateurController - La liste des administrateurs a bien été recupérée
2025-03-06 14:37:16 [restartedMain] INFO  c.a.ProjetAppliLocationVehiculesApplication - Starting ProjetAppliLocationVehiculesApplication using Java 23.0.2 with PID 6348 (C:\Users\guillaume.le.balch\Documents\Projet_Guillaume_Application_Vehicules\Projet-Appli-LocationVehicules\target\classes started by guillaume.le.balch in C:\Users\guillaume.le.balch\Documents\Projet_Guillaume_Application_Vehicules\Projet-Appli-LocationVehicules)
2025-03-06 14:37:16 [restartedMain] DEBUG c.a.ProjetAppliLocationVehiculesApplication - Running with Spring Boot v3.4.2, Spring v6.2.2
2025-03-06 14:37:16 [restartedMain] INFO  c.a.ProjetAppliLocationVehiculesApplication - No active profile set, falling back to 1 default profile: "default"
2025-03-06 14:37:20 [restartedMain] INFO  c.a.ProjetAppliLocationVehiculesApplication - Starting ProjetAppliLocationVehiculesApplication using Java 23.0.2 with PID 6348 (C:\Users\guillaume.le.balch\Documents\Projet_Guillaume_Application_Vehicules\Projet-Appli-LocationVehicules\target\classes started by guillaume.le.balch in C:\Users\guillaume.le.balch\Documents\Projet_Guillaume_Application_Vehicules\Projet-Appli-LocationVehicules)
2025-03-06 14:37:20 [restartedMain] DEBUG c.a.ProjetAppliLocationVehiculesApplication - Running with Spring Boot v3.4.2, Spring v6.2.2
2025-03-06 14:37:20 [restartedMain] INFO  c.a.ProjetAppliLocationVehiculesApplication - No active profile set, falling back to 1 default profile: "default"
2025-03-06 14:37:24 [restartedMain] INFO  c.a.ProjetAppliLocationVehiculesApplication - Starting ProjetAppliLocationVehiculesApplication using Java 23.0.2 with PID 6348 (C:\Users\guillaume.le.balch\Documents\Projet_Guillaume_Application_Vehicules\Projet-Appli-LocationVehicules\target\classes started by guillaume.le.balch in C:\Users\guillaume.le.balch\Documents\Projet_Guillaume_Application_Vehicules\Projet-Appli-LocationVehicules)
2025-03-06 14:37:24 [restartedMain] DEBUG c.a.ProjetAppliLocationVehiculesApplication - Running with Spring Boot v3.4.2, Spring v6.2.2
2025-03-06 14:37:24 [restartedMain] INFO  c.a.ProjetAppliLocationVehiculesApplication - No active profile set, falling back to 1 default profile: "default"
2025-03-06 14:37:26 [restartedMain] INFO  c.a.ProjetAppliLocationVehiculesApplication - Started ProjetAppliLocationVehiculesApplication in 2.632 seconds (process running for 269.476)
2025-03-06 14:37:39 [http-nio-8080-exec-5] INFO  c.a.c.AdministrateurController - La liste des administrateurs a bien été recupérée
2025-03-06 14:38:45 [http-nio-8080-exec-7] INFO  c.a.c.AdministrateurController - L'administrateur a bien été trouvé
2025-03-06 14:42:58 [http-nio-8080-exec-9] INFO  c.a.c.AdministrateurController - L'administrateur a bien été supprimé
2025-03-06 14:44:59 [http-nio-8080-exec-1] INFO  c.a.controller.ClientController - La liste des clients a bien été recupérée
2025-03-06 14:45:35 [http-nio-8080-exec-3] INFO  c.a.controller.ClientController - Le client a bien été supprimé
2025-03-06 14:48:11 [restartedMain] INFO  c.a.ProjetAppliLocationVehiculesApplication - Starting ProjetAppliLocationVehiculesApplication using Java 23.0.2 with PID 6348 (C:\Users\guillaume.le.balch\Documents\Projet_Guillaume_Application_Vehicules\Projet-Appli-LocationVehicules\target\classes started by guillaume.le.balch in C:\Users\guillaume.le.balch\Documents\Projet_Guillaume_Application_Vehicules\Projet-Appli-LocationVehicules)
2025-03-06 14:48:11 [restartedMain] DEBUG c.a.ProjetAppliLocationVehiculesApplication - Running with Spring Boot v3.4.2, Spring v6.2.2
2025-03-06 14:48:11 [restartedMain] INFO  c.a.ProjetAppliLocationVehiculesApplication - No active profile set, falling back to 1 default profile: "default"
2025-03-06 14:48:13 [restartedMain] INFO  c.a.ProjetAppliLocationVehiculesApplication - Starting ProjetAppliLocationVehiculesApplication using Java 23.0.2 with PID 6348 (C:\Users\guillaume.le.balch\Documents\Projet_Guillaume_Application_Vehicules\Projet-Appli-LocationVehicules\target\classes started by guillaume.le.balch in C:\Users\guillaume.le.balch\Documents\Projet_Guillaume_Application_Vehicules\Projet-Appli-LocationVehicules)
2025-03-06 14:48:13 [restartedMain] DEBUG c.a.ProjetAppliLocationVehiculesApplication - Running with Spring Boot v3.4.2, Spring v6.2.2
2025-03-06 14:48:13 [restartedMain] INFO  c.a.ProjetAppliLocationVehiculesApplication - No active profile set, falling back to 1 default profile: "default"
2025-03-06 14:48:14 [restartedMain] INFO  c.a.ProjetAppliLocationVehiculesApplication - Started ProjetAppliLocationVehiculesApplication in 1.025 seconds (process running for 917.617)
2025-03-06 14:49:48 [http-nio-8080-exec-5] INFO  c.a.c.AdministrateurController - La liste des administrateurs a bien été recupérée
2025-03-06 14:52:06 [http-nio-8080-exec-7] INFO  c.a.c.AdministrateurController - L'administrateur' a bien été ajouté
2025-03-06 14:52:46 [http-nio-8080-exec-8] INFO  c.a.c.AdministrateurController - La liste des administrateurs a bien été recupérée
2025-03-06 14:52:54 [http-nio-8080-exec-9] ERROR c.a.c.AdministrateurController - Erreur lors de la suppression de l'administrateur
2025-03-06 14:53:00 [http-nio-8080-exec-10] INFO  c.a.c.AdministrateurController - L'administrateur a bien été supprimé
2025-03-06 14:53:57 [http-nio-8080-exec-1] INFO  c.a.controller.MotoController - La liste des motos a bien été recupérée
2025-03-06 14:54:05 [http-nio-8080-exec-4] INFO  c.a.controller.MotoController - La moto a bien été supprimée
2025-03-06 14:54:12 [http-nio-8080-exec-3] INFO  c.a.controller.MotoController - La liste des motos a bien été recupérée
2025-03-06 15:00:38 [restartedMain] INFO  c.a.ProjetAppliLocationVehiculesApplication - Starting ProjetAppliLocationVehiculesApplication using Java 23.0.2 with PID 6348 (C:\Users\guillaume.le.balch\Documents\Projet_Guillaume_Application_Vehicules\Projet-Appli-LocationVehicules\target\classes started by guillaume.le.balch in C:\Users\guillaume.le.balch\Documents\Projet_Guillaume_Application_Vehicules\Projet-Appli-LocationVehicules)
2025-03-06 15:00:38 [restartedMain] DEBUG c.a.ProjetAppliLocationVehiculesApplication - Running with Spring Boot v3.4.2, Spring v6.2.2
2025-03-06 15:00:38 [restartedMain] INFO  c.a.ProjetAppliLocationVehiculesApplication - No active profile set, falling back to 1 default profile: "default"
2025-03-06 15:00:38 [restartedMain] INFO  c.a.ProjetAppliLocationVehiculesApplication - Started ProjetAppliLocationVehiculesApplication in 0.698 seconds (process running for 1661.633)
2025-03-06 15:00:42 [restartedMain] INFO  c.a.ProjetAppliLocationVehiculesApplication - Starting ProjetAppliLocationVehiculesApplication using Java 23.0.2 with PID 6348 (C:\Users\guillaume.le.balch\Documents\Projet_Guillaume_Application_Vehicules\Projet-Appli-LocationVehicules\target\classes started by guillaume.le.balch in C:\Users\guillaume.le.balch\Documents\Projet_Guillaume_Application_Vehicules\Projet-Appli-LocationVehicules)
2025-03-06 15:00:42 [restartedMain] DEBUG c.a.ProjetAppliLocationVehiculesApplication - Running with Spring Boot v3.4.2, Spring v6.2.2
2025-03-06 15:00:42 [restartedMain] INFO  c.a.ProjetAppliLocationVehiculesApplication - No active profile set, falling back to 1 default profile: "default"
2025-03-06 15:00:44 [restartedMain] INFO  c.a.ProjetAppliLocationVehiculesApplication - Started ProjetAppliLocationVehiculesApplication in 1.656 seconds (process running for 1666.819)
2025-03-06 15:01:20 [http-nio-8080-exec-5] INFO  c.a.controller.MotoController - La liste des motos a bien été recupérée
2025-03-06 15:01:27 [http-nio-8080-exec-6] INFO  c.a.controller.MotoController - La moto a bien été supprimée
2025-03-06 15:01:33 [http-nio-8080-exec-7] INFO  c.a.controller.MotoController - La liste des motos a bien été recupérée
2025-03-06 15:01:43 [http-nio-8080-exec-9] INFO  c.a.controller.ClientController - La liste des clients a bien été recupérée
2025-03-06 15:02:15 [http-nio-8080-exec-8] ERROR c.a.controller.ClientController - Erreur lors de l'ajout du client
2025-03-06 15:02:26 [http-nio-8080-exec-10] INFO  c.a.controller.ClientController - Le client a bien été ajouté
2025-03-06 15:02:40 [http-nio-8080-exec-1] INFO  c.a.controller.ClientController - La liste des clients a bien été recupérée
2025-03-06 15:03:09 [http-nio-8080-exec-4] INFO  c.a.controller.ClientController - Le client a bien été supprimé
2025-03-06 15:03:17 [http-nio-8080-exec-5] INFO  c.a.controller.ClientController - La liste des clients a bien été recupérée
2025-03-06 15:03:30 [http-nio-8080-exec-6] INFO  c.a.c.AdministrateurController - La liste des administrateurs a bien été recupérée
2025-03-06 15:04:04 [http-nio-8080-exec-7] INFO  c.a.c.AdministrateurController - L'administrateur' a bien été ajouté
2025-03-06 15:04:26 [http-nio-8080-exec-9] ERROR c.a.c.AdministrateurController - Erreur lors de la suppression de l'administrateur
2025-03-06 15:04:33 [http-nio-8080-exec-8] ERROR c.a.c.AdministrateurController - Erreur lors de la suppression de l'administrateur
2025-03-06 15:04:39 [http-nio-8080-exec-10] ERROR c.a.c.AdministrateurController - Erreur lors de la suppression de l'administrateur
2025-03-06 15:04:44 [http-nio-8080-exec-1] ERROR c.a.c.AdministrateurController - Erreur lors de la suppression de l'administrateur
2025-03-06 15:04:48 [http-nio-8080-exec-2] INFO  c.a.c.AdministrateurController - L'administrateur a bien été supprimé
2025-03-06 15:05:02 [http-nio-8080-exec-3] INFO  c.a.controller.VoitureController - La liste des voitures a bien été recupérée
2025-03-06 15:05:16 [http-nio-8080-exec-4] INFO  c.a.controller.VoitureController - La voiture a bien été supprimée
2025-03-06 15:05:36 [http-nio-8080-exec-6] INFO  c.a.controller.VoitureController - La liste des voitures a bien été recupérée
2025-03-06 15:07:25 [http-nio-8080-exec-1] INFO  c.a.controller.VoitureController - La voiture a bien été trouvée
2025-03-06 15:07:36 [http-nio-8080-exec-3] INFO  c.a.controller.VoitureController - La voiture a bien été trouvée
2025-03-06 15:07:58 [http-nio-8080-exec-4] INFO  c.a.controller.VoitureController - La liste des voitures a bien été recupérée
2025-03-06 15:11:15 [restartedMain] INFO  c.a.ProjetAppliLocationVehiculesApplication - Starting ProjetAppliLocationVehiculesApplication using Java 23.0.2 with PID 6348 (C:\Users\guillaume.le.balch\Documents\Projet_Guillaume_Application_Vehicules\Projet-Appli-LocationVehicules\target\classes started by guillaume.le.balch in C:\Users\guillaume.le.balch\Documents\Projet_Guillaume_Application_Vehicules\Projet-Appli-LocationVehicules)
2025-03-06 15:11:15 [restartedMain] DEBUG c.a.ProjetAppliLocationVehiculesApplication - Running with Spring Boot v3.4.2, Spring v6.2.2
2025-03-06 15:11:15 [restartedMain] INFO  c.a.ProjetAppliLocationVehiculesApplication - No active profile set, falling back to 1 default profile: "default"
2025-03-06 15:11:18 [restartedMain] INFO  c.a.ProjetAppliLocationVehiculesApplication - Starting ProjetAppliLocationVehiculesApplication using Java 23.0.2 with PID 6348 (C:\Users\guillaume.le.balch\Documents\Projet_Guillaume_Application_Vehicules\Projet-Appli-LocationVehicules\target\classes started by guillaume.le.balch in C:\Users\guillaume.le.balch\Documents\Projet_Guillaume_Application_Vehicules\Projet-Appli-LocationVehicules)
2025-03-06 15:11:18 [restartedMain] DEBUG c.a.ProjetAppliLocationVehiculesApplication - Running with Spring Boot v3.4.2, Spring v6.2.2
2025-03-06 15:11:18 [restartedMain] INFO  c.a.ProjetAppliLocationVehiculesApplication - No active profile set, falling back to 1 default profile: "default"
2025-03-06 15:11:20 [restartedMain] INFO  c.a.ProjetAppliLocationVehiculesApplication - Started ProjetAppliLocationVehiculesApplication in 1.551 seconds (process running for 2302.676)
2025-03-06 15:11:35 [http-nio-8080-exec-5] INFO  c.a.controller.VoitureController - La liste des voitures a bien été recupérée
2025-03-06 15:12:25 [http-nio-8080-exec-9] INFO  c.a.controller.MotoController - La liste des motos a bien été recupérée
2025-03-06 15:12:33 [http-nio-8080-exec-10] INFO  c.a.controller.MotoController - La moto a bien été ajoutée
2025-03-06 15:12:36 [http-nio-8080-exec-1] INFO  c.a.controller.MotoController - La moto a bien été ajoutée
2025-03-06 15:12:37 [http-nio-8080-exec-2] INFO  c.a.controller.MotoController - La moto a bien été ajoutée
2025-03-06 15:12:44 [http-nio-8080-exec-3] INFO  c.a.controller.MotoController - La liste des motos a bien été recupérée
2025-03-06 15:13:02 [http-nio-8080-exec-4] INFO  c.a.controller.MotoController - La moto a bien été ajoutée
2025-03-06 15:29:37 [restartedMain] INFO  c.a.ProjetAppliLocationVehiculesApplication - Starting ProjetAppliLocationVehiculesApplication using Java 23.0.2 with PID 6348 (C:\Users\guillaume.le.balch\Documents\Projet_Guillaume_Application_Vehicules\Projet-Appli-LocationVehicules\target\classes started by guillaume.le.balch in C:\Users\guillaume.le.balch\Documents\Projet_Guillaume_Application_Vehicules\Projet-Appli-LocationVehicules)
2025-03-06 15:29:37 [restartedMain] DEBUG c.a.ProjetAppliLocationVehiculesApplication - Running with Spring Boot v3.4.2, Spring v6.2.2
2025-03-06 15:29:37 [restartedMain] INFO  c.a.ProjetAppliLocationVehiculesApplication - No active profile set, falling back to 1 default profile: "default"
2025-03-06 15:29:39 [restartedMain] INFO  c.a.ProjetAppliLocationVehiculesApplication - Started ProjetAppliLocationVehiculesApplication in 2.213 seconds (process running for 3401.834)
